*** Installation started 2014/08/18 18:21 ***
Source: C:\Users\samiran\Downloads\basemap-1.0.7.win-amd64-py2.7.exe
999 Root Key: HKEY_LOCAL_MACHINE
020 Reg DB Key: [Software\Microsoft\Windows\CurrentVersion\Uninstall]basemap-py2.7
040 Reg DB Value: [Software\Microsoft\Windows\CurrentVersion\Uninstall\basemap-py2.7]DisplayName=Python 2.7 basemap-1.0.7 (64-bit)
040 Reg DB Value: [Software\Microsoft\Windows\CurrentVersion\Uninstall\basemap-py2.7]UninstallString="C:\Python27\Removebasemap.exe" -u "C:\Python27\basemap-wininst.log"
200 File Copy: C:\Python27\Lib\site-packages\basemap-1.0.7-py2.7.egg-info
200 File Copy: C:\Python27\Lib\site-packages\_geoslib.pyd
200 File Copy: C:\Python27\Lib\site-packages\mpl_toolkits\__init__.py
100 Made Dir: C:\Python27\Lib\site-packages\mpl_toolkits\basemap
200 File Copy: C:\Python27\Lib\site-packages\mpl_toolkits\basemap\cm.py
200 File Copy: C:\Python27\Lib\site-packages\mpl_toolkits\basemap\proj.py
200 File Copy: C:\Python27\Lib\site-packages\mpl_toolkits\basemap\pyproj.py
200 File Copy: C:\Python27\Lib\site-packages\mpl_toolkits\basemap\shapefile.py
200 File Copy: C:\Python27\Lib\site-packages\mpl_toolkits\basemap\solar.py
200 File Copy: C:\Python27\Lib\site-packages\mpl_toolkits\basemap\test.py
200 File Copy: C:\Python27\Lib\site-packages\mpl_toolkits\basemap\_proj.pyd
200 File Copy: C:\Python27\Lib\site-packages\mpl_toolkits\basemap\__init__.py
100 Made Dir: C:\Python27\Lib\site-packages\mpl_toolkits\basemap\data
200 File Copy: C:\Python27\Lib\site-packages\mpl_toolkits\basemap\data\alaska
200 File Copy: C:\Python27\Lib\site-packages\mpl_toolkits\basemap\data\bmng.jpg
200 File Copy: C:\Python27\Lib\site-packages\mpl_toolkits\basemap\data\conus
200 File Copy: C:\Python27\Lib\site-packages\mpl_toolkits\basemap\data\countriesmeta_c.dat
200 File Copy: C:\Python27\Lib\site-packages\mpl_toolkits\basemap\data\countriesmeta_f.dat
200 File Copy: C:\Python27\Lib\site-packages\mpl_toolkits\basemap\data\countriesmeta_h.dat
200 File Copy: C:\Python27\Lib\site-packages\mpl_toolkits\basemap\data\countriesmeta_i.dat
200 File Copy: C:\Python27\Lib\site-packages\mpl_toolkits\basemap\data\countriesmeta_l.dat
200 File Copy: C:\Python27\Lib\site-packages\mpl_toolkits\basemap\data\countries_c.dat
200 File Copy: C:\Python27\Lib\site-packages\mpl_toolkits\basemap\data\countries_f.dat
200 File Copy: C:\Python27\Lib\site-packages\mpl_toolkits\basemap\data\countries_h.dat
200 File Copy: C:\Python27\Lib\site-packages\mpl_toolkits\basemap\data\countries_i.dat
200 File Copy: C:\Python27\Lib\site-packages\mpl_toolkits\basemap\data\countries_l.dat
200 File Copy: C:\Python27\Lib\site-packages\mpl_toolkits\basemap\data\epsg
200 File Copy: C:\Python27\Lib\site-packages\mpl_toolkits\basemap\data\esri
200 File Copy: C:\Python27\Lib\site-packages\mpl_toolkits\basemap\data\esri.extra
200 File Copy: C:\Python27\Lib\site-packages\mpl_toolkits\basemap\data\etopo1.jpg
200 File Copy: C:\Python27\Lib\site-packages\mpl_toolkits\basemap\data\FL
200 File Copy: C:\Python27\Lib\site-packages\mpl_toolkits\basemap\data\GL27
200 File Copy: C:\Python27\Lib\site-packages\mpl_toolkits\basemap\data\gshhsmeta_c.dat
200 File Copy: C:\Python27\Lib\site-packages\mpl_toolkits\basemap\data\gshhsmeta_f.dat
200 File Copy: C:\Python27\Lib\site-packages\mpl_toolkits\basemap\data\gshhsmeta_h.dat
200 File Copy: C:\Python27\Lib\site-packages\mpl_toolkits\basemap\data\gshhsmeta_i.dat
200 File Copy: C:\Python27\Lib\site-packages\mpl_toolkits\basemap\data\gshhsmeta_l.dat
200 File Copy: C:\Python27\Lib\site-packages\mpl_toolkits\basemap\data\gshhs_c.dat
200 File Copy: C:\Python27\Lib\site-packages\mpl_toolkits\basemap\data\gshhs_f.dat
200 File Copy: C:\Python27\Lib\site-packages\mpl_toolkits\basemap\data\gshhs_h.dat
200 File Copy: C:\Python27\Lib\site-packages\mpl_toolkits\basemap\data\gshhs_i.dat
200 File Copy: C:\Python27\Lib\site-packages\mpl_toolkits\basemap\data\gshhs_l.dat
200 File Copy: C:\Python27\Lib\site-packages\mpl_toolkits\basemap\data\hawaii
200 File Copy: C:\Python27\Lib\site-packages\mpl_toolkits\basemap\data\IGNF
200 File Copy: C:\Python27\Lib\site-packages\mpl_toolkits\basemap\data\lsmask_1.25min_c.bin
200 File Copy: C:\Python27\Lib\site-packages\mpl_toolkits\basemap\data\lsmask_1.25min_f.bin
200 File Copy: C:\Python27\Lib\site-packages\mpl_toolkits\basemap\data\lsmask_1.25min_h.bin
200 File Copy: C:\Python27\Lib\site-packages\mpl_toolkits\basemap\data\lsmask_1.25min_i.bin
200 File Copy: C:\Python27\Lib\site-packages\mpl_toolkits\basemap\data\lsmask_1.25min_l.bin
200 File Copy: C:\Python27\Lib\site-packages\mpl_toolkits\basemap\data\lsmask_10min_c.bin
200 File Copy: C:\Python27\Lib\site-packages\mpl_toolkits\basemap\data\lsmask_10min_f.bin
200 File Copy: C:\Python27\Lib\site-packages\mpl_toolkits\basemap\data\lsmask_10min_h.bin
200 File Copy: C:\Python27\Lib\site-packages\mpl_toolkits\basemap\data\lsmask_10min_i.bin
200 File Copy: C:\Python27\Lib\site-packages\mpl_toolkits\basemap\data\lsmask_10min_l.bin
200 File Copy: C:\Python27\Lib\site-packages\mpl_toolkits\basemap\data\lsmask_2.5min_c.bin
200 File Copy: C:\Python27\Lib\site-packages\mpl_toolkits\basemap\data\lsmask_2.5min_f.bin
200 File Copy: C:\Python27\Lib\site-packages\mpl_toolkits\basemap\data\lsmask_2.5min_h.bin
200 File Copy: C:\Python27\Lib\site-packages\mpl_toolkits\basemap\data\lsmask_2.5min_i.bin
200 File Copy: C:\Python27\Lib\site-packages\mpl_toolkits\basemap\data\lsmask_2.5min_l.bin
200 File Copy: C:\Python27\Lib\site-packages\mpl_toolkits\basemap\data\lsmask_5min_c.bin
200 File Copy: C:\Python27\Lib\site-packages\mpl_toolkits\basemap\data\lsmask_5min_f.bin
200 File Copy: C:\Python27\Lib\site-packages\mpl_toolkits\basemap\data\lsmask_5min_h.bin
200 File Copy: C:\Python27\Lib\site-packages\mpl_toolkits\basemap\data\lsmask_5min_i.bin
200 File Copy: C:\Python27\Lib\site-packages\mpl_toolkits\basemap\data\lsmask_5min_l.bin
200 File Copy: C:\Python27\Lib\site-packages\mpl_toolkits\basemap\data\MD
200 File Copy: C:\Python27\Lib\site-packages\mpl_toolkits\basemap\data\nad.lst
200 File Copy: C:\Python27\Lib\site-packages\mpl_toolkits\basemap\data\nad27
200 File Copy: C:\Python27\Lib\site-packages\mpl_toolkits\basemap\data\nad83
200 File Copy: C:\Python27\Lib\site-packages\mpl_toolkits\basemap\data\ntf_r93.gsb
200 File Copy: C:\Python27\Lib\site-packages\mpl_toolkits\basemap\data\ntv1_can.dat
200 File Copy: C:\Python27\Lib\site-packages\mpl_toolkits\basemap\data\ntv2_out.dist
200 File Copy: C:\Python27\Lib\site-packages\mpl_toolkits\basemap\data\null
200 File Copy: C:\Python27\Lib\site-packages\mpl_toolkits\basemap\data\nzgd2kgrid0005.gsb
200 File Copy: C:\Python27\Lib\site-packages\mpl_toolkits\basemap\data\other.extra
200 File Copy: C:\Python27\Lib\site-packages\mpl_toolkits\basemap\data\pj_out27.dist
200 File Copy: C:\Python27\Lib\site-packages\mpl_toolkits\basemap\data\pj_out83.dist
200 File Copy: C:\Python27\Lib\site-packages\mpl_toolkits\basemap\data\proj_def.dat
200 File Copy: C:\Python27\Lib\site-packages\mpl_toolkits\basemap\data\proj_outIGNF.dist
200 File Copy: C:\Python27\Lib\site-packages\mpl_toolkits\basemap\data\prvi
200 File Copy: C:\Python27\Lib\site-packages\mpl_toolkits\basemap\data\README
200 File Copy: C:\Python27\Lib\site-packages\mpl_toolkits\basemap\data\riversmeta_c.dat
200 File Copy: C:\Python27\Lib\site-packages\mpl_toolkits\basemap\data\riversmeta_f.dat
200 File Copy: C:\Python27\Lib\site-packages\mpl_toolkits\basemap\data\riversmeta_h.dat
200 File Copy: C:\Python27\Lib\site-packages\mpl_toolkits\basemap\data\riversmeta_i.dat
200 File Copy: C:\Python27\Lib\site-packages\mpl_toolkits\basemap\data\riversmeta_l.dat
200 File Copy: C:\Python27\Lib\site-packages\mpl_toolkits\basemap\data\rivers_c.dat
200 File Copy: C:\Python27\Lib\site-packages\mpl_toolkits\basemap\data\rivers_f.dat
200 File Copy: C:\Python27\Lib\site-packages\mpl_toolkits\basemap\data\rivers_h.dat
200 File Copy: C:\Python27\Lib\site-packages\mpl_toolkits\basemap\data\rivers_i.dat
200 File Copy: C:\Python27\Lib\site-packages\mpl_toolkits\basemap\data\rivers_l.dat
200 File Copy: C:\Python27\Lib\site-packages\mpl_toolkits\basemap\data\shadedrelief.jpg
200 File Copy: C:\Python27\Lib\site-packages\mpl_toolkits\basemap\data\statesmeta_c.dat
200 File Copy: C:\Python27\Lib\site-packages\mpl_toolkits\basemap\data\statesmeta_f.dat
200 File Copy: C:\Python27\Lib\site-packages\mpl_toolkits\basemap\data\statesmeta_h.dat
200 File Copy: C:\Python27\Lib\site-packages\mpl_toolkits\basemap\data\statesmeta_i.dat
200 File Copy: C:\Python27\Lib\site-packages\mpl_toolkits\basemap\data\statesmeta_l.dat
200 File Copy: C:\Python27\Lib\site-packages\mpl_toolkits\basemap\data\states_c.dat
200 File Copy: C:\Python27\Lib\site-packages\mpl_toolkits\basemap\data\states_f.dat
200 File Copy: C:\Python27\Lib\site-packages\mpl_toolkits\basemap\data\states_h.dat
200 File Copy: C:\Python27\Lib\site-packages\mpl_toolkits\basemap\data\states_i.dat
200 File Copy: C:\Python27\Lib\site-packages\mpl_toolkits\basemap\data\states_l.dat
200 File Copy: C:\Python27\Lib\site-packages\mpl_toolkits\basemap\data\stgeorge
200 File Copy: C:\Python27\Lib\site-packages\mpl_toolkits\basemap\data\stlrnc
200 File Copy: C:\Python27\Lib\site-packages\mpl_toolkits\basemap\data\stpaul
200 File Copy: C:\Python27\Lib\site-packages\mpl_toolkits\basemap\data\td_out.dist
200 File Copy: C:\Python27\Lib\site-packages\mpl_toolkits\basemap\data\test27
200 File Copy: C:\Python27\Lib\site-packages\mpl_toolkits\basemap\data\test83
200 File Copy: C:\Python27\Lib\site-packages\mpl_toolkits\basemap\data\testdatumfile
200 File Copy: C:\Python27\Lib\site-packages\mpl_toolkits\basemap\data\testIGNF
200 File Copy: C:\Python27\Lib\site-packages\mpl_toolkits\basemap\data\testntv2
200 File Copy: C:\Python27\Lib\site-packages\mpl_toolkits\basemap\data\testvarious
200 File Copy: C:\Python27\Lib\site-packages\mpl_toolkits\basemap\data\TN
200 File Copy: C:\Python27\Lib\site-packages\mpl_toolkits\basemap\data\tv_out.dist
200 File Copy: C:\Python27\Lib\site-packages\mpl_toolkits\basemap\data\UScounties.dbf
200 File Copy: C:\Python27\Lib\site-packages\mpl_toolkits\basemap\data\UScounties.prj
200 File Copy: C:\Python27\Lib\site-packages\mpl_toolkits\basemap\data\UScounties.shp
200 File Copy: C:\Python27\Lib\site-packages\mpl_toolkits\basemap\data\UScounties.shx
200 File Copy: C:\Python27\Lib\site-packages\mpl_toolkits\basemap\data\WI
200 File Copy: C:\Python27\Lib\site-packages\mpl_toolkits\basemap\data\WO
200 File Copy: C:\Python27\Lib\site-packages\mpl_toolkits\basemap\data\world
200 File Copy: C:\Python27\Lib\site-packages\mpl_toolkits\basemap\__init__.pyc
200 File Copy: C:\Python27\Lib\site-packages\mpl_toolkits\basemap\test.pyc
200 File Copy: C:\Python27\Lib\site-packages\mpl_toolkits\basemap\solar.pyc
200 File Copy: C:\Python27\Lib\site-packages\mpl_toolkits\basemap\shapefile.pyc
200 File Copy: C:\Python27\Lib\site-packages\mpl_toolkits\basemap\pyproj.pyc
200 File Copy: C:\Python27\Lib\site-packages\mpl_toolkits\basemap\proj.pyc
200 File Copy: C:\Python27\Lib\site-packages\mpl_toolkits\basemap\cm.pyc
200 File Copy: C:\Python27\Lib\site-packages\mpl_toolkits\__init__.pyc
200 File Copy: C:\Python27\Lib\site-packages\mpl_toolkits\basemap\__init__.pyo
200 File Copy: C:\Python27\Lib\site-packages\mpl_toolkits\basemap\test.pyo
200 File Copy: C:\Python27\Lib\site-packages\mpl_toolkits\basemap\solar.pyo
200 File Copy: C:\Python27\Lib\site-packages\mpl_toolkits\basemap\shapefile.pyo
200 File Copy: C:\Python27\Lib\site-packages\mpl_toolkits\basemap\pyproj.pyo
200 File Copy: C:\Python27\Lib\site-packages\mpl_toolkits\basemap\proj.pyo
200 File Copy: C:\Python27\Lib\site-packages\mpl_toolkits\basemap\cm.pyo
200 File Copy: C:\Python27\Lib\site-packages\mpl_toolkits\__init__.pyo
*** Installation started 2014/08/18 21:50 ***
Source: C:\Users\samiran\Downloads\basemap-1.0.7.win-amd64-py2.7.exe
999 Root Key: HKEY_LOCAL_MACHINE
040 Reg DB Value: [Software\Microsoft\Windows\CurrentVersion\Uninstall\basemap-py2.7]DisplayName=Python 2.7 basemap-1.0.7 (64-bit)
040 Reg DB Value: [Software\Microsoft\Windows\CurrentVersion\Uninstall\basemap-py2.7]UninstallString="C:\Python27\Removebasemap.exe" -u "C:\Python27\basemap-wininst.log"
200 File Copy: C:\Python27\Lib\site-packages\basemap-1.0.7-py2.7.egg-info
200 File Copy: C:\Python27\Lib\site-packages\_geoslib.pyd
200 File Copy: C:\Python27\Lib\site-packages\mpl_toolkits\__init__.py
200 File Copy: C:\Python27\Lib\site-packages\mpl_toolkits\basemap\cm.py
200 File Copy: C:\Python27\Lib\site-packages\mpl_toolkits\basemap\proj.py
200 File Copy: C:\Python27\Lib\site-packages\mpl_toolkits\basemap\pyproj.py
200 File Copy: C:\Python27\Lib\site-packages\mpl_toolkits\basemap\shapefile.py
200 File Copy: C:\Python27\Lib\site-packages\mpl_toolkits\basemap\solar.py
200 File Copy: C:\Python27\Lib\site-packages\mpl_toolkits\basemap\test.py
200 File Copy: C:\Python27\Lib\site-packages\mpl_toolkits\basemap\_proj.pyd
200 File Copy: C:\Python27\Lib\site-packages\mpl_toolkits\basemap\__init__.py
200 File Copy: C:\Python27\Lib\site-packages\mpl_toolkits\basemap\data\alaska
200 File Copy: C:\Python27\Lib\site-packages\mpl_toolkits\basemap\data\bmng.jpg
200 File Copy: C:\Python27\Lib\site-packages\mpl_toolkits\basemap\data\conus
200 File Copy: C:\Python27\Lib\site-packages\mpl_toolkits\basemap\data\countriesmeta_c.dat
200 File Copy: C:\Python27\Lib\site-packages\mpl_toolkits\basemap\data\countriesmeta_f.dat
200 File Copy: C:\Python27\Lib\site-packages\mpl_toolkits\basemap\data\countriesmeta_h.dat
200 File Copy: C:\Python27\Lib\site-packages\mpl_toolkits\basemap\data\countriesmeta_i.dat
200 File Copy: C:\Python27\Lib\site-packages\mpl_toolkits\basemap\data\countriesmeta_l.dat
200 File Copy: C:\Python27\Lib\site-packages\mpl_toolkits\basemap\data\countries_c.dat
200 File Copy: C:\Python27\Lib\site-packages\mpl_toolkits\basemap\data\countries_f.dat
200 File Copy: C:\Python27\Lib\site-packages\mpl_toolkits\basemap\data\countries_h.dat
200 File Copy: C:\Python27\Lib\site-packages\mpl_toolkits\basemap\data\countries_i.dat
200 File Copy: C:\Python27\Lib\site-packages\mpl_toolkits\basemap\data\countries_l.dat
200 File Copy: C:\Python27\Lib\site-packages\mpl_toolkits\basemap\data\epsg
200 File Copy: C:\Python27\Lib\site-packages\mpl_toolkits\basemap\data\esri
200 File Copy: C:\Python27\Lib\site-packages\mpl_toolkits\basemap\data\esri.extra
200 File Copy: C:\Python27\Lib\site-packages\mpl_toolkits\basemap\data\etopo1.jpg
200 File Copy: C:\Python27\Lib\site-packages\mpl_toolkits\basemap\data\FL
200 File Copy: C:\Python27\Lib\site-packages\mpl_toolkits\basemap\data\GL27
200 File Copy: C:\Python27\Lib\site-packages\mpl_toolkits\basemap\data\gshhsmeta_c.dat
200 File Copy: C:\Python27\Lib\site-packages\mpl_toolkits\basemap\data\gshhsmeta_f.dat
200 File Copy: C:\Python27\Lib\site-packages\mpl_toolkits\basemap\data\gshhsmeta_h.dat
200 File Copy: C:\Python27\Lib\site-packages\mpl_toolkits\basemap\data\gshhsmeta_i.dat
200 File Copy: C:\Python27\Lib\site-packages\mpl_toolkits\basemap\data\gshhsmeta_l.dat
200 File Copy: C:\Python27\Lib\site-packages\mpl_toolkits\basemap\data\gshhs_c.dat
200 File Copy: C:\Python27\Lib\site-packages\mpl_toolkits\basemap\data\gshhs_f.dat
200 File Copy: C:\Python27\Lib\site-packages\mpl_toolkits\basemap\data\gshhs_h.dat
200 File Copy: C:\Python27\Lib\site-packages\mpl_toolkits\basemap\data\gshhs_i.dat
200 File Copy: C:\Python27\Lib\site-packages\mpl_toolkits\basemap\data\gshhs_l.dat
200 File Copy: C:\Python27\Lib\site-packages\mpl_toolkits\basemap\data\hawaii
200 File Copy: C:\Python27\Lib\site-packages\mpl_toolkits\basemap\data\IGNF
200 File Copy: C:\Python27\Lib\site-packages\mpl_toolkits\basemap\data\lsmask_1.25min_c.bin
200 File Copy: C:\Python27\Lib\site-packages\mpl_toolkits\basemap\data\lsmask_1.25min_f.bin
200 File Copy: C:\Python27\Lib\site-packages\mpl_toolkits\basemap\data\lsmask_1.25min_h.bin
200 File Copy: C:\Python27\Lib\site-packages\mpl_toolkits\basemap\data\lsmask_1.25min_i.bin
200 File Copy: C:\Python27\Lib\site-packages\mpl_toolkits\basemap\data\lsmask_1.25min_l.bin
200 File Copy: C:\Python27\Lib\site-packages\mpl_toolkits\basemap\data\lsmask_10min_c.bin
200 File Copy: C:\Python27\Lib\site-packages\mpl_toolkits\basemap\data\lsmask_10min_f.bin
200 File Copy: C:\Python27\Lib\site-packages\mpl_toolkits\basemap\data\lsmask_10min_h.bin
200 File Copy: C:\Python27\Lib\site-packages\mpl_toolkits\basemap\data\lsmask_10min_i.bin
200 File Copy: C:\Python27\Lib\site-packages\mpl_toolkits\basemap\data\lsmask_10min_l.bin
200 File Copy: C:\Python27\Lib\site-packages\mpl_toolkits\basemap\data\lsmask_2.5min_c.bin
200 File Copy: C:\Python27\Lib\site-packages\mpl_toolkits\basemap\data\lsmask_2.5min_f.bin
200 File Copy: C:\Python27\Lib\site-packages\mpl_toolkits\basemap\data\lsmask_2.5min_h.bin
200 File Copy: C:\Python27\Lib\site-packages\mpl_toolkits\basemap\data\lsmask_2.5min_i.bin
200 File Copy: C:\Python27\Lib\site-packages\mpl_toolkits\basemap\data\lsmask_2.5min_l.bin
200 File Copy: C:\Python27\Lib\site-packages\mpl_toolkits\basemap\data\lsmask_5min_c.bin
200 File Copy: C:\Python27\Lib\site-packages\mpl_toolkits\basemap\data\lsmask_5min_f.bin
200 File Copy: C:\Python27\Lib\site-packages\mpl_toolkits\basemap\data\lsmask_5min_h.bin
200 File Copy: C:\Python27\Lib\site-packages\mpl_toolkits\basemap\data\lsmask_5min_i.bin
200 File Copy: C:\Python27\Lib\site-packages\mpl_toolkits\basemap\data\lsmask_5min_l.bin
200 File Copy: C:\Python27\Lib\site-packages\mpl_toolkits\basemap\data\MD
200 File Copy: C:\Python27\Lib\site-packages\mpl_toolkits\basemap\data\nad.lst
200 File Copy: C:\Python27\Lib\site-packages\mpl_toolkits\basemap\data\nad27
200 File Copy: C:\Python27\Lib\site-packages\mpl_toolkits\basemap\data\nad83
200 File Copy: C:\Python27\Lib\site-packages\mpl_toolkits\basemap\data\ntf_r93.gsb
200 File Copy: C:\Python27\Lib\site-packages\mpl_toolkits\basemap\data\ntv1_can.dat
200 File Copy: C:\Python27\Lib\site-packages\mpl_toolkits\basemap\data\ntv2_out.dist
200 File Copy: C:\Python27\Lib\site-packages\mpl_toolkits\basemap\data\null
200 File Copy: C:\Python27\Lib\site-packages\mpl_toolkits\basemap\data\nzgd2kgrid0005.gsb
200 File Copy: C:\Python27\Lib\site-packages\mpl_toolkits\basemap\data\other.extra
200 File Copy: C:\Python27\Lib\site-packages\mpl_toolkits\basemap\data\pj_out27.dist
200 File Copy: C:\Python27\Lib\site-packages\mpl_toolkits\basemap\data\pj_out83.dist
200 File Copy: C:\Python27\Lib\site-packages\mpl_toolkits\basemap\data\proj_def.dat
200 File Copy: C:\Python27\Lib\site-packages\mpl_toolkits\basemap\data\proj_outIGNF.dist
200 File Copy: C:\Python27\Lib\site-packages\mpl_toolkits\basemap\data\prvi
200 File Copy: C:\Python27\Lib\site-packages\mpl_toolkits\basemap\data\README
200 File Copy: C:\Python27\Lib\site-packages\mpl_toolkits\basemap\data\riversmeta_c.dat
200 File Copy: C:\Python27\Lib\site-packages\mpl_toolkits\basemap\data\riversmeta_f.dat
200 File Copy: C:\Python27\Lib\site-packages\mpl_toolkits\basemap\data\riversmeta_h.dat
200 File Copy: C:\Python27\Lib\site-packages\mpl_toolkits\basemap\data\riversmeta_i.dat
200 File Copy: C:\Python27\Lib\site-packages\mpl_toolkits\basemap\data\riversmeta_l.dat
200 File Copy: C:\Python27\Lib\site-packages\mpl_toolkits\basemap\data\rivers_c.dat
200 File Copy: C:\Python27\Lib\site-packages\mpl_toolkits\basemap\data\rivers_f.dat
200 File Copy: C:\Python27\Lib\site-packages\mpl_toolkits\basemap\data\rivers_h.dat
200 File Copy: C:\Python27\Lib\site-packages\mpl_toolkits\basemap\data\rivers_i.dat
200 File Copy: C:\Python27\Lib\site-packages\mpl_toolkits\basemap\data\rivers_l.dat
200 File Copy: C:\Python27\Lib\site-packages\mpl_toolkits\basemap\data\shadedrelief.jpg
200 File Copy: C:\Python27\Lib\site-packages\mpl_toolkits\basemap\data\statesmeta_c.dat
200 File Copy: C:\Python27\Lib\site-packages\mpl_toolkits\basemap\data\statesmeta_f.dat
200 File Copy: C:\Python27\Lib\site-packages\mpl_toolkits\basemap\data\statesmeta_h.dat
200 File Copy: C:\Python27\Lib\site-packages\mpl_toolkits\basemap\data\statesmeta_i.dat
200 File Copy: C:\Python27\Lib\site-packages\mpl_toolkits\basemap\data\statesmeta_l.dat
200 File Copy: C:\Python27\Lib\site-packages\mpl_toolkits\basemap\data\states_c.dat
200 File Copy: C:\Python27\Lib\site-packages\mpl_toolkits\basemap\data\states_f.dat
200 File Copy: C:\Python27\Lib\site-packages\mpl_toolkits\basemap\data\states_h.dat
200 File Copy: C:\Python27\Lib\site-packages\mpl_toolkits\basemap\data\states_i.dat
200 File Copy: C:\Python27\Lib\site-packages\mpl_toolkits\basemap\data\states_l.dat
200 File Copy: C:\Python27\Lib\site-packages\mpl_toolkits\basemap\data\stgeorge
200 File Copy: C:\Python27\Lib\site-packages\mpl_toolkits\basemap\data\stlrnc
200 File Copy: C:\Python27\Lib\site-packages\mpl_toolkits\basemap\data\stpaul
200 File Copy: C:\Python27\Lib\site-packages\mpl_toolkits\basemap\data\td_out.dist
200 File Copy: C:\Python27\Lib\site-packages\mpl_toolkits\basemap\data\test27
200 File Copy: C:\Python27\Lib\site-packages\mpl_toolkits\basemap\data\test83
200 File Copy: C:\Python27\Lib\site-packages\mpl_toolkits\basemap\data\testdatumfile
200 File Copy: C:\Python27\Lib\site-packages\mpl_toolkits\basemap\data\testIGNF
200 File Copy: C:\Python27\Lib\site-packages\mpl_toolkits\basemap\data\testntv2
200 File Copy: C:\Python27\Lib\site-packages\mpl_toolkits\basemap\data\testvarious
200 File Copy: C:\Python27\Lib\site-packages\mpl_toolkits\basemap\data\TN
200 File Copy: C:\Python27\Lib\site-packages\mpl_toolkits\basemap\data\tv_out.dist
200 File Copy: C:\Python27\Lib\site-packages\mpl_toolkits\basemap\data\UScounties.dbf
200 File Copy: C:\Python27\Lib\site-packages\mpl_toolkits\basemap\data\UScounties.prj
200 File Copy: C:\Python27\Lib\site-packages\mpl_toolkits\basemap\data\UScounties.shp
200 File Copy: C:\Python27\Lib\site-packages\mpl_toolkits\basemap\data\UScounties.shx
200 File Copy: C:\Python27\Lib\site-packages\mpl_toolkits\basemap\data\WI
200 File Copy: C:\Python27\Lib\site-packages\mpl_toolkits\basemap\data\WO
200 File Copy: C:\Python27\Lib\site-packages\mpl_toolkits\basemap\data\world
200 File Copy: C:\Python27\Lib\site-packages\mpl_toolkits\basemap\__init__.pyc
200 File Copy: C:\Python27\Lib\site-packages\mpl_toolkits\basemap\test.pyc
200 File Copy: C:\Python27\Lib\site-packages\mpl_toolkits\basemap\solar.pyc
200 File Copy: C:\Python27\Lib\site-packages\mpl_toolkits\basemap\shapefile.pyc
200 File Copy: C:\Python27\Lib\site-packages\mpl_toolkits\basemap\pyproj.pyc
200 File Copy: C:\Python27\Lib\site-packages\mpl_toolkits\basemap\proj.pyc
200 File Copy: C:\Python27\Lib\site-packages\mpl_toolkits\basemap\cm.pyc
200 File Copy: C:\Python27\Lib\site-packages\mpl_toolkits\__init__.pyc
200 File Copy: C:\Python27\Lib\site-packages\mpl_toolkits\basemap\__init__.pyo
200 File Copy: C:\Python27\Lib\site-packages\mpl_toolkits\basemap\test.pyo
200 File Copy: C:\Python27\Lib\site-packages\mpl_toolkits\basemap\solar.pyo
200 File Copy: C:\Python27\Lib\site-packages\mpl_toolkits\basemap\shapefile.pyo
200 File Copy: C:\Python27\Lib\site-packages\mpl_toolkits\basemap\pyproj.pyo
200 File Copy: C:\Python27\Lib\site-packages\mpl_toolkits\basemap\proj.pyo
200 File Copy: C:\Python27\Lib\site-packages\mpl_toolkits\basemap\cm.pyo
200 File Copy: C:\Python27\Lib\site-packages\mpl_toolkits\__init__.pyo
*** Installation started 2014/08/20 10:06 ***
Source: C:\Users\samiran\Downloads\basemap-1.0.7.win-amd64-py2.7.exe
999 Root Key: HKEY_LOCAL_MACHINE
040 Reg DB Value: [Software\Microsoft\Windows\CurrentVersion\Uninstall\basemap-py2.7]DisplayName=Python 2.7 basemap-1.0.7 (64-bit)
040 Reg DB Value: [Software\Microsoft\Windows\CurrentVersion\Uninstall\basemap-py2.7]UninstallString="C:\Python27\Removebasemap.exe" -u "C:\Python27\basemap-wininst.log"
200 File Copy: C:\Python27\Lib\site-packages\basemap-1.0.7-py2.7.egg-info
200 File Copy: C:\Python27\Lib\site-packages\mpl_toolkits\__init__.py
200 File Copy: C:\Python27\Lib\site-packages\mpl_toolkits\basemap\cm.py
200 File Copy: C:\Python27\Lib\site-packages\mpl_toolkits\basemap\proj.py
200 File Copy: C:\Python27\Lib\site-packages\mpl_toolkits\basemap\pyproj.py
200 File Copy: C:\Python27\Lib\site-packages\mpl_toolkits\basemap\shapefile.py
200 File Copy: C:\Python27\Lib\site-packages\mpl_toolkits\basemap\solar.py
200 File Copy: C:\Python27\Lib\site-packages\mpl_toolkits\basemap\test.py
200 File Copy: C:\Python27\Lib\site-packages\mpl_toolkits\basemap\__init__.py
200 File Copy: C:\Python27\Lib\site-packages\mpl_toolkits\basemap\data\alaska
200 File Copy: C:\Python27\Lib\site-packages\mpl_toolkits\basemap\data\bmng.jpg
200 File Copy: C:\Python27\Lib\site-packages\mpl_toolkits\basemap\data\conus
200 File Copy: C:\Python27\Lib\site-packages\mpl_toolkits\basemap\data\countriesmeta_c.dat
200 File Copy: C:\Python27\Lib\site-packages\mpl_toolkits\basemap\data\countriesmeta_f.dat
200 File Copy: C:\Python27\Lib\site-packages\mpl_toolkits\basemap\data\countriesmeta_h.dat
200 File Copy: C:\Python27\Lib\site-packages\mpl_toolkits\basemap\data\countriesmeta_i.dat
200 File Copy: C:\Python27\Lib\site-packages\mpl_toolkits\basemap\data\countriesmeta_l.dat
200 File Copy: C:\Python27\Lib\site-packages\mpl_toolkits\basemap\data\countries_c.dat
200 File Copy: C:\Python27\Lib\site-packages\mpl_toolkits\basemap\data\countries_f.dat
200 File Copy: C:\Python27\Lib\site-packages\mpl_toolkits\basemap\data\countries_h.dat
200 File Copy: C:\Python27\Lib\site-packages\mpl_toolkits\basemap\data\countries_i.dat
200 File Copy: C:\Python27\Lib\site-packages\mpl_toolkits\basemap\data\countries_l.dat
200 File Copy: C:\Python27\Lib\site-packages\mpl_toolkits\basemap\data\epsg
200 File Copy: C:\Python27\Lib\site-packages\mpl_toolkits\basemap\data\esri
200 File Copy: C:\Python27\Lib\site-packages\mpl_toolkits\basemap\data\esri.extra
200 File Copy: C:\Python27\Lib\site-packages\mpl_toolkits\basemap\data\etopo1.jpg
200 File Copy: C:\Python27\Lib\site-packages\mpl_toolkits\basemap\data\FL
200 File Copy: C:\Python27\Lib\site-packages\mpl_toolkits\basemap\data\GL27
200 File Copy: C:\Python27\Lib\site-packages\mpl_toolkits\basemap\data\gshhsmeta_c.dat
200 File Copy: C:\Python27\Lib\site-packages\mpl_toolkits\basemap\data\gshhsmeta_f.dat
200 File Copy: C:\Python27\Lib\site-packages\mpl_toolkits\basemap\data\gshhsmeta_h.dat
200 File Copy: C:\Python27\Lib\site-packages\mpl_toolkits\basemap\data\gshhsmeta_i.dat
200 File Copy: C:\Python27\Lib\site-packages\mpl_toolkits\basemap\data\gshhsmeta_l.dat
200 File Copy: C:\Python27\Lib\site-packages\mpl_toolkits\basemap\data\gshhs_c.dat
200 File Copy: C:\Python27\Lib\site-packages\mpl_toolkits\basemap\data\gshhs_f.dat
200 File Copy: C:\Python27\Lib\site-packages\mpl_toolkits\basemap\data\gshhs_h.dat
200 File Copy: C:\Python27\Lib\site-packages\mpl_toolkits\basemap\data\gshhs_i.dat
200 File Copy: C:\Python27\Lib\site-packages\mpl_toolkits\basemap\data\gshhs_l.dat
200 File Copy: C:\Python27\Lib\site-packages\mpl_toolkits\basemap\data\hawaii
200 File Copy: C:\Python27\Lib\site-packages\mpl_toolkits\basemap\data\IGNF
200 File Copy: C:\Python27\Lib\site-packages\mpl_toolkits\basemap\data\lsmask_1.25min_c.bin
200 File Copy: C:\Python27\Lib\site-packages\mpl_toolkits\basemap\data\lsmask_1.25min_f.bin
200 File Copy: C:\Python27\Lib\site-packages\mpl_toolkits\basemap\data\lsmask_1.25min_h.bin
200 File Copy: C:\Python27\Lib\site-packages\mpl_toolkits\basemap\data\lsmask_1.25min_i.bin
200 File Copy: C:\Python27\Lib\site-packages\mpl_toolkits\basemap\data\lsmask_1.25min_l.bin
200 File Copy: C:\Python27\Lib\site-packages\mpl_toolkits\basemap\data\lsmask_10min_c.bin
200 File Copy: C:\Python27\Lib\site-packages\mpl_toolkits\basemap\data\lsmask_10min_f.bin
200 File Copy: C:\Python27\Lib\site-packages\mpl_toolkits\basemap\data\lsmask_10min_h.bin
200 File Copy: C:\Python27\Lib\site-packages\mpl_toolkits\basemap\data\lsmask_10min_i.bin
200 File Copy: C:\Python27\Lib\site-packages\mpl_toolkits\basemap\data\lsmask_10min_l.bin
200 File Copy: C:\Python27\Lib\site-packages\mpl_toolkits\basemap\data\lsmask_2.5min_c.bin
200 File Copy: C:\Python27\Lib\site-packages\mpl_toolkits\basemap\data\lsmask_2.5min_f.bin
200 File Copy: C:\Python27\Lib\site-packages\mpl_toolkits\basemap\data\lsmask_2.5min_h.bin
200 File Copy: C:\Python27\Lib\site-packages\mpl_toolkits\basemap\data\lsmask_2.5min_i.bin
200 File Copy: C:\Python27\Lib\site-packages\mpl_toolkits\basemap\data\lsmask_2.5min_l.bin
200 File Copy: C:\Python27\Lib\site-packages\mpl_toolkits\basemap\data\lsmask_5min_c.bin
200 File Copy: C:\Python27\Lib\site-packages\mpl_toolkits\basemap\data\lsmask_5min_f.bin
200 File Copy: C:\Python27\Lib\site-packages\mpl_toolkits\basemap\data\lsmask_5min_h.bin
200 File Copy: C:\Python27\Lib\site-packages\mpl_toolkits\basemap\data\lsmask_5min_i.bin
200 File Copy: C:\Python27\Lib\site-packages\mpl_toolkits\basemap\data\lsmask_5min_l.bin
200 File Copy: C:\Python27\Lib\site-packages\mpl_toolkits\basemap\data\MD
200 File Copy: C:\Python27\Lib\site-packages\mpl_toolkits\basemap\data\nad.lst
200 File Copy: C:\Python27\Lib\site-packages\mpl_toolkits\basemap\data\nad27
200 File Copy: C:\Python27\Lib\site-packages\mpl_toolkits\basemap\data\nad83
200 File Copy: C:\Python27\Lib\site-packages\mpl_toolkits\basemap\data\ntf_r93.gsb
200 File Copy: C:\Python27\Lib\site-packages\mpl_toolkits\basemap\data\ntv1_can.dat
200 File Copy: C:\Python27\Lib\site-packages\mpl_toolkits\basemap\data\ntv2_out.dist
200 File Copy: C:\Python27\Lib\site-packages\mpl_toolkits\basemap\data\null
200 File Copy: C:\Python27\Lib\site-packages\mpl_toolkits\basemap\data\nzgd2kgrid0005.gsb
200 File Copy: C:\Python27\Lib\site-packages\mpl_toolkits\basemap\data\other.extra
200 File Copy: C:\Python27\Lib\site-packages\mpl_toolkits\basemap\data\pj_out27.dist
200 File Copy: C:\Python27\Lib\site-packages\mpl_toolkits\basemap\data\pj_out83.dist
200 File Copy: C:\Python27\Lib\site-packages\mpl_toolkits\basemap\data\proj_def.dat
200 File Copy: C:\Python27\Lib\site-packages\mpl_toolkits\basemap\data\proj_outIGNF.dist
200 File Copy: C:\Python27\Lib\site-packages\mpl_toolkits\basemap\data\prvi
200 File Copy: C:\Python27\Lib\site-packages\mpl_toolkits\basemap\data\README
200 File Copy: C:\Python27\Lib\site-packages\mpl_toolkits\basemap\data\riversmeta_c.dat
200 File Copy: C:\Python27\Lib\site-packages\mpl_toolkits\basemap\data\riversmeta_f.dat
200 File Copy: C:\Python27\Lib\site-packages\mpl_toolkits\basemap\data\riversmeta_h.dat
200 File Copy: C:\Python27\Lib\site-packages\mpl_toolkits\basemap\data\riversmeta_i.dat
200 File Copy: C:\Python27\Lib\site-packages\mpl_toolkits\basemap\data\riversmeta_l.dat
200 File Copy: C:\Python27\Lib\site-packages\mpl_toolkits\basemap\data\rivers_c.dat
200 File Copy: C:\Python27\Lib\site-packages\mpl_toolkits\basemap\data\rivers_f.dat
200 File Copy: C:\Python27\Lib\site-packages\mpl_toolkits\basemap\data\rivers_h.dat
200 File Copy: C:\Python27\Lib\site-packages\mpl_toolkits\basemap\data\rivers_i.dat
200 File Copy: C:\Python27\Lib\site-packages\mpl_toolkits\basemap\data\rivers_l.dat
200 File Copy: C:\Python27\Lib\site-packages\mpl_toolkits\basemap\data\shadedrelief.jpg
200 File Copy: C:\Python27\Lib\site-packages\mpl_toolkits\basemap\data\statesmeta_c.dat
200 File Copy: C:\Python27\Lib\site-packages\mpl_toolkits\basemap\data\statesmeta_f.dat
200 File Copy: C:\Python27\Lib\site-packages\mpl_toolkits\basemap\data\statesmeta_h.dat
200 File Copy: C:\Python27\Lib\site-packages\mpl_toolkits\basemap\data\statesmeta_i.dat
200 File Copy: C:\Python27\Lib\site-packages\mpl_toolkits\basemap\data\statesmeta_l.dat
200 File Copy: C:\Python27\Lib\site-packages\mpl_toolkits\basemap\data\states_c.dat
200 File Copy: C:\Python27\Lib\site-packages\mpl_toolkits\basemap\data\states_f.dat
200 File Copy: C:\Python27\Lib\site-packages\mpl_toolkits\basemap\data\states_h.dat
200 File Copy: C:\Python27\Lib\site-packages\mpl_toolkits\basemap\data\states_i.dat
200 File Copy: C:\Python27\Lib\site-packages\mpl_toolkits\basemap\data\states_l.dat
200 File Copy: C:\Python27\Lib\site-packages\mpl_toolkits\basemap\data\stgeorge
200 File Copy: C:\Python27\Lib\site-packages\mpl_toolkits\basemap\data\stlrnc
200 File Copy: C:\Python27\Lib\site-packages\mpl_toolkits\basemap\data\stpaul
200 File Copy: C:\Python27\Lib\site-packages\mpl_toolkits\basemap\data\td_out.dist
200 File Copy: C:\Python27\Lib\site-packages\mpl_toolkits\basemap\data\test27
200 File Copy: C:\Python27\Lib\site-packages\mpl_toolkits\basemap\data\test83
200 File Copy: C:\Python27\Lib\site-packages\mpl_toolkits\basemap\data\testdatumfile
200 File Copy: C:\Python27\Lib\site-packages\mpl_toolkits\basemap\data\testIGNF
200 File Copy: C:\Python27\Lib\site-packages\mpl_toolkits\basemap\data\testntv2
200 File Copy: C:\Python27\Lib\site-packages\mpl_toolkits\basemap\data\testvarious
200 File Copy: C:\Python27\Lib\site-packages\mpl_toolkits\basemap\data\TN
200 File Copy: C:\Python27\Lib\site-packages\mpl_toolkits\basemap\data\tv_out.dist
200 File Copy: C:\Python27\Lib\site-packages\mpl_toolkits\basemap\data\UScounties.dbf
200 File Copy: C:\Python27\Lib\site-packages\mpl_toolkits\basemap\data\UScounties.prj
200 File Copy: C:\Python27\Lib\site-packages\mpl_toolkits\basemap\data\UScounties.shp
200 File Copy: C:\Python27\Lib\site-packages\mpl_toolkits\basemap\data\UScounties.shx
200 File Copy: C:\Python27\Lib\site-packages\mpl_toolkits\basemap\data\WI
200 File Copy: C:\Python27\Lib\site-packages\mpl_toolkits\basemap\data\WO
200 File Copy: C:\Python27\Lib\site-packages\mpl_toolkits\basemap\data\world
200 File Copy: C:\Python27\Lib\site-packages\mpl_toolkits\basemap\__init__.pyc
200 File Copy: C:\Python27\Lib\site-packages\mpl_toolkits\basemap\test.pyc
200 File Copy: C:\Python27\Lib\site-packages\mpl_toolkits\basemap\solar.pyc
200 File Copy: C:\Python27\Lib\site-packages\mpl_toolkits\basemap\shapefile.pyc
200 File Copy: C:\Python27\Lib\site-packages\mpl_toolkits\basemap\pyproj.pyc
200 File Copy: C:\Python27\Lib\site-packages\mpl_toolkits\basemap\proj.pyc
200 File Copy: C:\Python27\Lib\site-packages\mpl_toolkits\basemap\cm.pyc
200 File Copy: C:\Python27\Lib\site-packages\mpl_toolkits\__init__.pyc
200 File Copy: C:\Python27\Lib\site-packages\mpl_toolkits\basemap\__init__.pyo
200 File Copy: C:\Python27\Lib\site-packages\mpl_toolkits\basemap\test.pyo
200 File Copy: C:\Python27\Lib\site-packages\mpl_toolkits\basemap\solar.pyo
200 File Copy: C:\Python27\Lib\site-packages\mpl_toolkits\basemap\shapefile.pyo
200 File Copy: C:\Python27\Lib\site-packages\mpl_toolkits\basemap\pyproj.pyo
200 File Copy: C:\Python27\Lib\site-packages\mpl_toolkits\basemap\proj.pyo
200 File Copy: C:\Python27\Lib\site-packages\mpl_toolkits\basemap\cm.pyo
200 File Copy: C:\Python27\Lib\site-packages\mpl_toolkits\__init__.pyo
