*** Installation started 2014/11/26 07:39 ***
Source: C:\Users\samiran\Downloads\GDAL-1.11.1.win-amd64-py2.7.exe
999 Root Key: HKEY_LOCAL_MACHINE
020 Reg DB Key: [Software\Microsoft\Windows\CurrentVersion\Uninstall]GDAL-py2.7
040 Reg DB Value: [Software\Microsoft\Windows\CurrentVersion\Uninstall\GDAL-py2.7]DisplayName=Python 2.7 GDAL-1.11.1 (64-bit)
040 Reg DB Value: [Software\Microsoft\Windows\CurrentVersion\Uninstall\GDAL-py2.7]UninstallString="C:\Python27\RemoveGDAL.exe" -u "C:\Python27\GDAL-wininst.log"
100 Made Dir: C:\Python27\Lib\site-packages\osgeo
200 File Copy: C:\Python27\Lib\site-packages\osgeo\gdal111.dll
200 File Copy: C:\Python27\Lib\site-packages\osgeo\gdaladdo.exe
200 File Copy: C:\Python27\Lib\site-packages\osgeo\gdalbuildvrt.exe
200 File Copy: C:\Python27\Lib\site-packages\osgeo\gdaldem.exe
200 File Copy: C:\Python27\Lib\site-packages\osgeo\gdalenhance.exe
200 File Copy: C:\Python27\Lib\site-packages\osgeo\gdalinfo.exe
200 File Copy: C:\Python27\Lib\site-packages\osgeo\gdallocationinfo.exe
200 File Copy: C:\Python27\Lib\site-packages\osgeo\gdalmanage.exe
200 File Copy: C:\Python27\Lib\site-packages\osgeo\gdalserver.exe
200 File Copy: C:\Python27\Lib\site-packages\osgeo\gdalsrsinfo.exe
200 File Copy: C:\Python27\Lib\site-packages\osgeo\gdaltindex.exe
200 File Copy: C:\Python27\Lib\site-packages\osgeo\gdaltransform.exe
200 File Copy: C:\Python27\Lib\site-packages\osgeo\gdalwarp.exe
200 File Copy: C:\Python27\Lib\site-packages\osgeo\gdal_contour.exe
200 File Copy: C:\Python27\Lib\site-packages\osgeo\gdal_grid.exe
200 File Copy: C:\Python27\Lib\site-packages\osgeo\gdal_i.lib
200 File Copy: C:\Python27\Lib\site-packages\osgeo\gdal_rasterize.exe
200 File Copy: C:\Python27\Lib\site-packages\osgeo\gdal_translate.exe
200 File Copy: C:\Python27\Lib\site-packages\osgeo\geos_c.dll
200 File Copy: C:\Python27\Lib\site-packages\osgeo\nearblack.exe
200 File Copy: C:\Python27\Lib\site-packages\osgeo\ogr2ogr.exe
200 File Copy: C:\Python27\Lib\site-packages\osgeo\ogrinfo.exe
200 File Copy: C:\Python27\Lib\site-packages\osgeo\ogrlineref.exe
200 File Copy: C:\Python27\Lib\site-packages\osgeo\ogrtindex.exe
200 File Copy: C:\Python27\Lib\site-packages\osgeo\ogr_FileGDB.dll
200 File Copy: C:\Python27\Lib\site-packages\osgeo\testepsg.exe
100 Made Dir: C:\Python27\Lib\site-packages\osgeo\data
100 Made Dir: C:\Python27\Lib\site-packages\osgeo\data\gdal
200 File Copy: C:\Python27\Lib\site-packages\osgeo\data\gdal\compdcs.csv
200 File Copy: C:\Python27\Lib\site-packages\osgeo\data\gdal\coordinate_axis.csv
200 File Copy: C:\Python27\Lib\site-packages\osgeo\data\gdal\cubewerx_extra.wkt
200 File Copy: C:\Python27\Lib\site-packages\osgeo\data\gdal\datum_shift.csv
200 File Copy: C:\Python27\Lib\site-packages\osgeo\data\gdal\ecw_cs.wkt
200 File Copy: C:\Python27\Lib\site-packages\osgeo\data\gdal\ellipsoid.csv
200 File Copy: C:\Python27\Lib\site-packages\osgeo\data\gdal\epsg.wkt
200 File Copy: C:\Python27\Lib\site-packages\osgeo\data\gdal\esri_extra.wkt
200 File Copy: C:\Python27\Lib\site-packages\osgeo\data\gdal\esri_StatePlane_extra.wkt
200 File Copy: C:\Python27\Lib\site-packages\osgeo\data\gdal\esri_Wisconsin_extra.wkt
200 File Copy: C:\Python27\Lib\site-packages\osgeo\data\gdal\gcs.csv
200 File Copy: C:\Python27\Lib\site-packages\osgeo\data\gdal\gcs.override.csv
200 File Copy: C:\Python27\Lib\site-packages\osgeo\data\gdal\gdalicon.png
200 File Copy: C:\Python27\Lib\site-packages\osgeo\data\gdal\GDALLogoBW.svg
200 File Copy: C:\Python27\Lib\site-packages\osgeo\data\gdal\GDALLogoColor.svg
200 File Copy: C:\Python27\Lib\site-packages\osgeo\data\gdal\GDALLogoGS.svg
200 File Copy: C:\Python27\Lib\site-packages\osgeo\data\gdal\gdal_datum.csv
200 File Copy: C:\Python27\Lib\site-packages\osgeo\data\gdal\geoccs.csv
200 File Copy: C:\Python27\Lib\site-packages\osgeo\data\gdal\gml_registry.xml
200 File Copy: C:\Python27\Lib\site-packages\osgeo\data\gdal\gt_datum.csv
200 File Copy: C:\Python27\Lib\site-packages\osgeo\data\gdal\gt_ellips.csv
200 File Copy: C:\Python27\Lib\site-packages\osgeo\data\gdal\header.dxf
200 File Copy: C:\Python27\Lib\site-packages\osgeo\data\gdal\inspire_cp_BasicPropertyUnit.gfs
200 File Copy: C:\Python27\Lib\site-packages\osgeo\data\gdal\inspire_cp_CadastralBoundary.gfs
200 File Copy: C:\Python27\Lib\site-packages\osgeo\data\gdal\inspire_cp_CadastralParcel.gfs
200 File Copy: C:\Python27\Lib\site-packages\osgeo\data\gdal\inspire_cp_CadastralZoning.gfs
200 File Copy: C:\Python27\Lib\site-packages\osgeo\data\gdal\nitf_spec.xml
200 File Copy: C:\Python27\Lib\site-packages\osgeo\data\gdal\nitf_spec.xsd
200 File Copy: C:\Python27\Lib\site-packages\osgeo\data\gdal\ogrvrt.xsd
200 File Copy: C:\Python27\Lib\site-packages\osgeo\data\gdal\osmconf.ini
200 File Copy: C:\Python27\Lib\site-packages\osgeo\data\gdal\ozi_datum.csv
200 File Copy: C:\Python27\Lib\site-packages\osgeo\data\gdal\ozi_ellips.csv
200 File Copy: C:\Python27\Lib\site-packages\osgeo\data\gdal\pci_datum.txt
200 File Copy: C:\Python27\Lib\site-packages\osgeo\data\gdal\pci_ellips.txt
200 File Copy: C:\Python27\Lib\site-packages\osgeo\data\gdal\pcs.csv
200 File Copy: C:\Python27\Lib\site-packages\osgeo\data\gdal\pcs.override.csv
200 File Copy: C:\Python27\Lib\site-packages\osgeo\data\gdal\prime_meridian.csv
200 File Copy: C:\Python27\Lib\site-packages\osgeo\data\gdal\projop_wparm.csv
200 File Copy: C:\Python27\Lib\site-packages\osgeo\data\gdal\ruian_vf_ob_v1.gfs
200 File Copy: C:\Python27\Lib\site-packages\osgeo\data\gdal\ruian_vf_st_v1.gfs
200 File Copy: C:\Python27\Lib\site-packages\osgeo\data\gdal\ruian_vf_v1.gfs
200 File Copy: C:\Python27\Lib\site-packages\osgeo\data\gdal\s57agencies.csv
200 File Copy: C:\Python27\Lib\site-packages\osgeo\data\gdal\s57attributes.csv
200 File Copy: C:\Python27\Lib\site-packages\osgeo\data\gdal\s57attributes_aml.csv
200 File Copy: C:\Python27\Lib\site-packages\osgeo\data\gdal\s57attributes_iw.csv
200 File Copy: C:\Python27\Lib\site-packages\osgeo\data\gdal\s57expectedinput.csv
200 File Copy: C:\Python27\Lib\site-packages\osgeo\data\gdal\s57objectclasses.csv
200 File Copy: C:\Python27\Lib\site-packages\osgeo\data\gdal\s57objectclasses_aml.csv
200 File Copy: C:\Python27\Lib\site-packages\osgeo\data\gdal\s57objectclasses_iw.csv
200 File Copy: C:\Python27\Lib\site-packages\osgeo\data\gdal\seed_2d.dgn
200 File Copy: C:\Python27\Lib\site-packages\osgeo\data\gdal\seed_3d.dgn
200 File Copy: C:\Python27\Lib\site-packages\osgeo\data\gdal\stateplane.csv
200 File Copy: C:\Python27\Lib\site-packages\osgeo\data\gdal\trailer.dxf
200 File Copy: C:\Python27\Lib\site-packages\osgeo\data\gdal\unit_of_measure.csv
200 File Copy: C:\Python27\Lib\site-packages\osgeo\data\gdal\vertcs.csv
200 File Copy: C:\Python27\Lib\site-packages\osgeo\data\gdal\vertcs.override.csv
200 File Copy: C:\Python27\Lib\site-packages\gdal.py
200 File Copy: C:\Python27\Lib\site-packages\gdalconst.py
200 File Copy: C:\Python27\Lib\site-packages\gdalnumeric.py
200 File Copy: C:\Python27\Lib\site-packages\ogr.py
200 File Copy: C:\Python27\Lib\site-packages\osr.py
100 Made Dir: C:\Python27\Lib\site-packages\GDAL-1.11.1-py2.7.egg-info
200 File Copy: C:\Python27\Lib\site-packages\GDAL-1.11.1-py2.7.egg-info\dependency_links.txt
200 File Copy: C:\Python27\Lib\site-packages\GDAL-1.11.1-py2.7.egg-info\not-zip-safe
200 File Copy: C:\Python27\Lib\site-packages\GDAL-1.11.1-py2.7.egg-info\PKG-INFO
200 File Copy: C:\Python27\Lib\site-packages\GDAL-1.11.1-py2.7.egg-info\SOURCES.txt
200 File Copy: C:\Python27\Lib\site-packages\GDAL-1.11.1-py2.7.egg-info\top_level.txt
200 File Copy: C:\Python27\Lib\site-packages\osgeo\gdal.py
200 File Copy: C:\Python27\Lib\site-packages\osgeo\gdalconst.py
200 File Copy: C:\Python27\Lib\site-packages\osgeo\gdalnumeric.py
200 File Copy: C:\Python27\Lib\site-packages\osgeo\gdal_array.py
200 File Copy: C:\Python27\Lib\site-packages\osgeo\ogr.py
200 File Copy: C:\Python27\Lib\site-packages\osgeo\osr.py
200 File Copy: C:\Python27\Lib\site-packages\osgeo\_gdal.pyd
200 File Copy: C:\Python27\Lib\site-packages\osgeo\_gdalconst.pyd
200 File Copy: C:\Python27\Lib\site-packages\osgeo\_gdal_array.pyd
200 File Copy: C:\Python27\Lib\site-packages\osgeo\_ogr.pyd
200 File Copy: C:\Python27\Lib\site-packages\osgeo\_osr.pyd
200 File Copy: C:\Python27\Lib\site-packages\osgeo\__init__.py
200 File Copy: C:\Python27\Lib\site-packages\osgeo\__init__.pyc
200 File Copy: C:\Python27\Lib\site-packages\osgeo\osr.pyc
200 File Copy: C:\Python27\Lib\site-packages\osgeo\ogr.pyc
200 File Copy: C:\Python27\Lib\site-packages\osgeo\gdal_array.pyc
200 File Copy: C:\Python27\Lib\site-packages\osgeo\gdalnumeric.pyc
200 File Copy: C:\Python27\Lib\site-packages\osgeo\gdalconst.pyc
200 File Copy: C:\Python27\Lib\site-packages\osgeo\gdal.pyc
200 File Copy: C:\Python27\Lib\site-packages\osr.pyc
200 File Copy: C:\Python27\Lib\site-packages\ogr.pyc
200 File Copy: C:\Python27\Lib\site-packages\gdalnumeric.pyc
200 File Copy: C:\Python27\Lib\site-packages\gdalconst.pyc
200 File Copy: C:\Python27\Lib\site-packages\gdal.pyc
200 File Copy: C:\Python27\Lib\site-packages\osgeo\__init__.pyo
200 File Copy: C:\Python27\Lib\site-packages\osgeo\osr.pyo
200 File Copy: C:\Python27\Lib\site-packages\osgeo\ogr.pyo
200 File Copy: C:\Python27\Lib\site-packages\osgeo\gdal_array.pyo
200 File Copy: C:\Python27\Lib\site-packages\osgeo\gdalnumeric.pyo
200 File Copy: C:\Python27\Lib\site-packages\osgeo\gdalconst.pyo
200 File Copy: C:\Python27\Lib\site-packages\osgeo\gdal.pyo
200 File Copy: C:\Python27\Lib\site-packages\osr.pyo
200 File Copy: C:\Python27\Lib\site-packages\ogr.pyo
200 File Copy: C:\Python27\Lib\site-packages\gdalnumeric.pyo
200 File Copy: C:\Python27\Lib\site-packages\gdalconst.pyo
200 File Copy: C:\Python27\Lib\site-packages\gdal.pyo
